[INFO ] 27-03-2024 04:25:33.953 pm [http-nio-9898-exec-1]  com.spring.service.AuthService - User Added Successfully
[INFO ] 27-03-2024 04:27:39.945 pm [http-nio-9898-exec-3]  com.spring.service.AuthService - Token Generated Successfully
[INFO ] 27-03-2024 04:28:36.847 pm [http-nio-9898-exec-4]  com.spring.service.AuthService - Token Validated Successfully
[INFO ] 27-03-2024 04:28:49.966 pm [http-nio-9898-exec-6]  com.spring.service.AuthService - Token Validated Successfully
[INFO ] 28-03-2024 11:12:42.416 am [http-nio-9898-exec-1]  com.spring.service.AuthService - User Added Successfully
[INFO ] 28-03-2024 11:13:05.349 am [http-nio-9898-exec-3]  com.spring.service.AuthService - Token Generated Successfully
[INFO ] 29-03-2024 12:20:31.870 am [http-nio-9898-exec-3]  com.spring.service.AuthService - User Added Successfully
[INFO ] 29-03-2024 12:35:18.084 am [http-nio-9898-exec-7]  com.spring.service.AuthService - User Added Successfully
[INFO ] 29-03-2024 01:50:20.889 pm [http-nio-9898-exec-4]  com.spring.service.AuthService - Token Generated Successfully
[INFO ] 29-03-2024 02:06:10.962 pm [http-nio-9898-exec-9]  com.spring.service.AuthService - Token Generated Successfully
[INFO ] 29-03-2024 02:15:30.994 pm [http-nio-9898-exec-7]  com.spring.service.AuthService - Token Generated Successfully
[INFO ] 29-03-2024 02:15:33.074 pm [http-nio-9898-exec-3]  com.spring.service.AuthService - Token Generated Successfully
[INFO ] 30-03-2024 01:43:58.808 pm [http-nio-9898-exec-3]  com.spring.service.AuthService - User Added Successfully
[INFO ] 30-03-2024 01:44:00.072 pm [http-nio-9898-exec-1]  com.spring.service.AuthService - User Added Successfully
[INFO ] 30-03-2024 01:44:01.645 pm [http-nio-9898-exec-4]  com.spring.service.AuthService - User Added Successfully
[INFO ] 30-03-2024 01:44:02.156 pm [http-nio-9898-exec-6]  com.spring.service.AuthService - User Added Successfully
[INFO ] 30-03-2024 01:44:02.320 pm [http-nio-9898-exec-5]  com.spring.service.AuthService - User Added Successfully
[INFO ] 30-03-2024 01:44:02.574 pm [http-nio-9898-exec-7]  com.spring.service.AuthService - User Added Successfully
[INFO ] 30-03-2024 01:44:02.893 pm [http-nio-9898-exec-8]  com.spring.service.AuthService - User Added Successfully
[INFO ] 30-03-2024 01:44:03.167 pm [http-nio-9898-exec-9]  com.spring.service.AuthService - User Added Successfully
[INFO ] 30-03-2024 01:44:03.387 pm [http-nio-9898-exec-10]  com.spring.service.AuthService - User Added Successfully
[INFO ] 30-03-2024 01:44:03.622 pm [http-nio-9898-exec-2]  com.spring.service.AuthService - User Added Successfully
[INFO ] 30-03-2024 01:44:04.750 pm [http-nio-9898-exec-3]  com.spring.service.AuthService - User Added Successfully
[INFO ] 30-03-2024 01:44:04.961 pm [http-nio-9898-exec-1]  com.spring.service.AuthService - User Added Successfully
[INFO ] 30-03-2024 01:44:05.386 pm [http-nio-9898-exec-4]  com.spring.service.AuthService - User Added Successfully
[INFO ] 30-03-2024 01:44:05.553 pm [http-nio-9898-exec-6]  com.spring.service.AuthService - User Added Successfully
[INFO ] 30-03-2024 01:44:05.763 pm [http-nio-9898-exec-5]  com.spring.service.AuthService - User Added Successfully
[INFO ] 30-03-2024 01:44:37.429 pm [http-nio-9898-exec-7]  com.spring.service.AuthService - User Added Successfully
[INFO ] 30-03-2024 01:44:39.085 pm [http-nio-9898-exec-8]  com.spring.service.AuthService - User Added Successfully
[INFO ] 30-03-2024 01:44:40.829 pm [http-nio-9898-exec-9]  com.spring.service.AuthService - User Added Successfully
[INFO ] 30-03-2024 01:44:41.540 pm [http-nio-9898-exec-10]  com.spring.service.AuthService - User Added Successfully
[INFO ] 30-03-2024 01:44:41.862 pm [http-nio-9898-exec-2]  com.spring.service.AuthService - User Added Successfully
[INFO ] 30-03-2024 01:44:42.047 pm [http-nio-9898-exec-3]  com.spring.service.AuthService - User Added Successfully
[INFO ] 30-03-2024 01:44:42.273 pm [http-nio-9898-exec-1]  com.spring.service.AuthService - User Added Successfully
[INFO ] 30-03-2024 01:44:42.500 pm [http-nio-9898-exec-4]  com.spring.service.AuthService - User Added Successfully
[INFO ] 30-03-2024 01:44:42.728 pm [http-nio-9898-exec-6]  com.spring.service.AuthService - User Added Successfully
[INFO ] 30-03-2024 01:44:42.934 pm [http-nio-9898-exec-5]  com.spring.service.AuthService - User Added Successfully
[INFO ] 30-03-2024 01:44:43.191 pm [http-nio-9898-exec-7]  com.spring.service.AuthService - User Added Successfully
[INFO ] 30-03-2024 01:44:43.410 pm [http-nio-9898-exec-8]  com.spring.service.AuthService - User Added Successfully
[INFO ] 30-03-2024 01:44:43.608 pm [http-nio-9898-exec-9]  com.spring.service.AuthService - User Added Successfully
[INFO ] 30-03-2024 01:44:43.845 pm [http-nio-9898-exec-10]  com.spring.service.AuthService - User Added Successfully
[INFO ] 30-03-2024 01:44:44.109 pm [http-nio-9898-exec-2]  com.spring.service.AuthService - User Added Successfully
[INFO ] 30-03-2024 01:44:44.704 pm [http-nio-9898-exec-3]  com.spring.service.AuthService - User Added Successfully
[INFO ] 30-03-2024 01:44:46.411 pm [http-nio-9898-exec-1]  com.spring.service.AuthService - User Added Successfully
[INFO ] 30-03-2024 01:44:46.621 pm [http-nio-9898-exec-4]  com.spring.service.AuthService - User Added Successfully
[INFO ] 30-03-2024 01:44:46.928 pm [http-nio-9898-exec-6]  com.spring.service.AuthService - User Added Successfully
[INFO ] 30-03-2024 01:44:47.195 pm [http-nio-9898-exec-5]  com.spring.service.AuthService - User Added Successfully
[INFO ] 30-03-2024 01:44:47.412 pm [http-nio-9898-exec-7]  com.spring.service.AuthService - User Added Successfully
[INFO ] 30-03-2024 01:44:47.634 pm [http-nio-9898-exec-8]  com.spring.service.AuthService - User Added Successfully
[INFO ] 30-03-2024 01:44:48.698 pm [http-nio-9898-exec-9]  com.spring.service.AuthService - User Added Successfully
[INFO ] 30-03-2024 01:44:49.034 pm [http-nio-9898-exec-10]  com.spring.service.AuthService - User Added Successfully
[INFO ] 30-03-2024 01:44:49.675 pm [http-nio-9898-exec-2]  com.spring.service.AuthService - User Added Successfully
[INFO ] 30-03-2024 01:44:49.839 pm [http-nio-9898-exec-3]  com.spring.service.AuthService - User Added Successfully
[INFO ] 30-03-2024 01:44:50.007 pm [http-nio-9898-exec-1]  com.spring.service.AuthService - User Added Successfully
[INFO ] 30-03-2024 01:44:50.179 pm [http-nio-9898-exec-4]  com.spring.service.AuthService - User Added Successfully
[INFO ] 30-03-2024 01:44:50.389 pm [http-nio-9898-exec-6]  com.spring.service.AuthService - User Added Successfully
[INFO ] 30-03-2024 01:44:51.014 pm [http-nio-9898-exec-5]  com.spring.service.AuthService - User Added Successfully
[INFO ] 30-03-2024 01:44:51.347 pm [http-nio-9898-exec-7]  com.spring.service.AuthService - User Added Successfully
[INFO ] 30-03-2024 01:44:51.525 pm [http-nio-9898-exec-8]  com.spring.service.AuthService - User Added Successfully
[INFO ] 30-03-2024 01:44:51.688 pm [http-nio-9898-exec-9]  com.spring.service.AuthService - User Added Successfully
[INFO ] 30-03-2024 01:44:51.839 pm [http-nio-9898-exec-10]  com.spring.service.AuthService - User Added Successfully
[INFO ] 30-03-2024 01:44:52.023 pm [http-nio-9898-exec-2]  com.spring.service.AuthService - User Added Successfully
[INFO ] 30-03-2024 01:44:52.288 pm [http-nio-9898-exec-3]  com.spring.service.AuthService - User Added Successfully
[INFO ] 30-03-2024 01:45:07.504 pm [http-nio-9898-exec-1]  com.spring.service.AuthService - User Added Successfully
[INFO ] 30-03-2024 01:45:07.893 pm [http-nio-9898-exec-4]  com.spring.service.AuthService - User Added Successfully
[INFO ] 30-03-2024 01:45:08.107 pm [http-nio-9898-exec-6]  com.spring.service.AuthService - User Added Successfully
[INFO ] 30-03-2024 01:45:08.520 pm [http-nio-9898-exec-5]  com.spring.service.AuthService - User Added Successfully
[INFO ] 30-03-2024 01:45:08.777 pm [http-nio-9898-exec-7]  com.spring.service.AuthService - User Added Successfully
[INFO ] 30-03-2024 01:45:09.000 pm [http-nio-9898-exec-8]  com.spring.service.AuthService - User Added Successfully
[INFO ] 30-03-2024 01:45:09.510 pm [http-nio-9898-exec-9]  com.spring.service.AuthService - User Added Successfully
[INFO ] 30-03-2024 01:45:09.694 pm [http-nio-9898-exec-10]  com.spring.service.AuthService - User Added Successfully
[INFO ] 30-03-2024 01:45:09.928 pm [http-nio-9898-exec-2]  com.spring.service.AuthService - User Added Successfully
[INFO ] 30-03-2024 01:46:05.423 pm [http-nio-9898-exec-3]  com.spring.service.AuthService - User Added Successfully
[INFO ] 30-03-2024 02:10:57.176 pm [http-nio-9898-exec-1]  com.spring.service.AuthService - User Added Successfully
[INFO ] 30-03-2024 02:14:34.161 pm [http-nio-9898-exec-6]  com.spring.service.AuthService - User Added Successfully
[INFO ] 30-03-2024 02:15:23.853 pm [http-nio-9898-exec-7]  com.spring.service.AuthService - Token Generated Successfully
[INFO ] 30-03-2024 02:17:32.750 pm [http-nio-9898-exec-9]  com.spring.service.AuthService - Token Generated Successfully
[INFO ] 30-03-2024 02:21:28.782 pm [http-nio-9898-exec-1]  com.spring.service.AuthService - Token Generated Successfully
[INFO ] 30-03-2024 02:22:04.215 pm [http-nio-9898-exec-2]  com.spring.service.AuthService - Token Generated Successfully
[INFO ] 30-03-2024 02:30:15.525 pm [http-nio-9898-exec-1]  com.spring.service.AuthService - Token Generated Successfully
[INFO ] 30-03-2024 02:30:46.349 pm [http-nio-9898-exec-2]  com.spring.service.AuthService - Token Generated Successfully
[INFO ] 30-03-2024 02:31:57.240 pm [http-nio-9898-exec-4]  com.spring.service.AuthService - Token Generated Successfully
[INFO ] 30-03-2024 02:36:16.961 pm [http-nio-9898-exec-1]  com.spring.service.AuthService - Token Generated Successfully
[INFO ] 30-03-2024 02:49:27.704 pm [http-nio-9898-exec-1]  com.spring.service.AuthService - Token Generated Successfully
[INFO ] 30-03-2024 03:02:00.050 pm [http-nio-9898-exec-1]  com.spring.service.AuthService - Token Generated Successfully
[INFO ] 30-03-2024 03:06:50.317 pm [http-nio-9898-exec-1]  com.spring.service.AuthService - Token Generated Successfully
[INFO ] 30-03-2024 03:12:02.416 pm [http-nio-9898-exec-1]  com.spring.service.AuthService - User Added Successfully
[INFO ] 30-03-2024 03:53:36.790 pm [http-nio-9898-exec-1]  com.spring.service.AuthService - Token Generated Successfully
[INFO ] 30-03-2024 03:54:18.533 pm [http-nio-9898-exec-3]  com.spring.service.AuthService - Token Generated Successfully
[INFO ] 30-03-2024 03:59:55.229 pm [http-nio-9898-exec-2]  com.spring.service.AuthService - Token Generated Successfully
[INFO ] 30-03-2024 04:06:02.507 pm [http-nio-9898-exec-7]  com.spring.service.AuthService - User Added Successfully
[INFO ] 30-03-2024 04:06:50.128 pm [http-nio-9898-exec-10]  com.spring.service.AuthService - User Added Successfully
[INFO ] 30-03-2024 04:11:27.501 pm [http-nio-9898-exec-6]  com.spring.service.AuthService - User Added Successfully
[INFO ] 30-03-2024 04:16:13.653 pm [http-nio-9898-exec-8]  com.spring.service.AuthService - User Added Successfully
[INFO ] 30-03-2024 04:16:36.053 pm [http-nio-9898-exec-9]  com.spring.service.AuthService - Token Generated Successfully
[INFO ] 30-03-2024 04:25:57.325 pm [http-nio-9898-exec-1]  com.spring.service.AuthService - User Added Successfully
[INFO ] 30-03-2024 04:47:46.344 pm [http-nio-9898-exec-1]  com.spring.service.AuthService - Token Generated Successfully
[INFO ] 30-03-2024 04:48:08.901 pm [http-nio-9898-exec-2]  com.spring.service.AuthService - Token Generated Successfully
[INFO ] 30-03-2024 06:14:03.354 pm [http-nio-9898-exec-1]  com.spring.service.AuthService - User Added Successfully
[INFO ] 30-03-2024 06:15:07.219 pm [http-nio-9898-exec-3]  com.spring.service.AuthService - Token Generated Successfully
[INFO ] 30-03-2024 06:15:58.405 pm [http-nio-9898-exec-7]  com.spring.service.AuthService - Token Generated Successfully
[INFO ] 30-03-2024 07:27:39.334 pm [http-nio-9898-exec-2]  com.spring.service.AuthService - User Added Successfully
[INFO ] 30-03-2024 07:29:16.727 pm [http-nio-9898-exec-6]  com.spring.service.AuthService - User Added Successfully
[INFO ] 30-03-2024 07:33:09.490 pm [http-nio-9898-exec-2]  com.spring.service.AuthService - User Added Successfully
[INFO ] 30-03-2024 08:39:38.280 pm [http-nio-9898-exec-3]  com.spring.service.AuthService - User Added Successfully
[INFO ] 30-03-2024 08:40:40.609 pm [http-nio-9898-exec-7]  com.spring.service.AuthService - Token Generated Successfully
[INFO ] 30-03-2024 08:43:41.550 pm [http-nio-9898-exec-1]  com.spring.service.AuthService - Token Generated Successfully
[INFO ] 30-03-2024 08:54:42.288 pm [http-nio-9898-exec-7]  com.spring.service.AuthService - Token Generated Successfully
[INFO ] 30-03-2024 08:56:54.672 pm [http-nio-9898-exec-2]  com.spring.service.AuthService - Token Generated Successfully
[INFO ] 30-03-2024 08:57:12.760 pm [http-nio-9898-exec-3]  com.spring.service.AuthService - Token Generated Successfully
[INFO ] 30-03-2024 08:57:47.081 pm [http-nio-9898-exec-7]  com.spring.service.AuthService - Token Generated Successfully
[INFO ] 30-03-2024 08:58:06.543 pm [http-nio-9898-exec-6]  com.spring.service.AuthService - Token Generated Successfully
[INFO ] 30-03-2024 08:58:25.919 pm [http-nio-9898-exec-10]  com.spring.service.AuthService - Token Generated Successfully
[INFO ] 30-03-2024 09:18:29.561 pm [http-nio-9898-exec-1]  com.spring.service.AuthService - Token Generated Successfully
[INFO ] 30-03-2024 09:21:32.667 pm [http-nio-9898-exec-4]  com.spring.service.AuthService - Token Generated Successfully
[INFO ] 30-03-2024 09:22:04.272 pm [http-nio-9898-exec-5]  com.spring.service.AuthService - Token Generated Successfully
[INFO ] 30-03-2024 09:34:55.504 pm [http-nio-9898-exec-1]  com.spring.service.AuthService - Token Generated Successfully
[INFO ] 30-03-2024 09:41:02.656 pm [http-nio-9898-exec-1]  com.spring.service.AuthService - Token Generated Successfully
[INFO ] 30-03-2024 09:45:56.803 pm [http-nio-9898-exec-1]  com.spring.service.AuthService - Token Generated Successfully
[INFO ] 30-03-2024 09:48:19.859 pm [http-nio-9898-exec-1]  com.spring.service.AuthService - Token Generated Successfully
[INFO ] 30-03-2024 10:47:12.327 pm [http-nio-9898-exec-1]  com.spring.service.AuthService - Token Generated Successfully
[INFO ] 30-03-2024 10:50:12.868 pm [http-nio-9898-exec-1]  com.spring.service.AuthService - Token Generated Successfully
[INFO ] 30-03-2024 10:54:57.527 pm [http-nio-9898-exec-1]  com.spring.service.AuthService - Token Generated Successfully
[INFO ] 01-04-2024 02:37:51.835 pm [http-nio-9898-exec-1]  com.spring.service.AuthService - Token Generated Successfully
[INFO ] 01-04-2024 03:11:34.882 pm [http-nio-9898-exec-3]  com.spring.service.AuthService - Token Generated Successfully
[INFO ] 01-04-2024 03:51:26.877 pm [http-nio-9898-exec-3]  com.spring.service.AuthService - Token Generated Successfully
[INFO ] 01-04-2024 03:51:47.431 pm [http-nio-9898-exec-4]  com.spring.service.AuthService - Token Generated Successfully
[INFO ] 01-04-2024 04:08:29.756 pm [http-nio-9898-exec-7]  com.spring.service.AuthService - Token Generated Successfully
[INFO ] 01-04-2024 04:09:29.563 pm [http-nio-9898-exec-5]  com.spring.service.AuthService - Token Generated Successfully
[INFO ] 01-04-2024 04:14:32.220 pm [http-nio-9898-exec-2]  com.spring.service.AuthService - Token Generated Successfully
[INFO ] 01-04-2024 04:27:46.519 pm [http-nio-9898-exec-2]  com.spring.service.AuthService - User Retrived Successfully
[INFO ] 01-04-2024 04:29:09.190 pm [http-nio-9898-exec-4]  com.spring.service.AuthService - User Retrived Successfully
[INFO ] 01-04-2024 04:45:13.955 pm [http-nio-9898-exec-3]  com.spring.service.AuthService - User Added Successfully
[INFO ] 01-04-2024 04:52:02.057 pm [http-nio-9898-exec-3]  com.spring.service.AuthService - Token Generated Successfully
[INFO ] 01-04-2024 05:20:22.970 pm [http-nio-9898-exec-1]  com.spring.service.AuthService - Token Generated Successfully
[INFO ] 01-04-2024 05:26:42.090 pm [http-nio-9898-exec-2]  com.spring.service.AuthService - Token Generated Successfully
[INFO ] 01-04-2024 09:13:57.942 pm [http-nio-9898-exec-2]  com.spring.service.AuthService - Token Generated Successfully
[INFO ] 01-04-2024 09:31:50.643 pm [http-nio-9898-exec-2]  com.spring.service.AuthService - Token Generated Successfully
[INFO ] 01-04-2024 09:44:02.122 pm [http-nio-9898-exec-2]  com.spring.service.AuthService - Token Generated Successfully
[INFO ] 02-04-2024 10:38:18.041 am [http-nio-9898-exec-1]  com.spring.service.AuthService - Token Generated Successfully
[INFO ] 02-04-2024 10:38:43.114 am [http-nio-9898-exec-3]  com.spring.service.AuthService - Token Generated Successfully
[INFO ] 02-04-2024 10:40:22.214 am [http-nio-9898-exec-4]  com.spring.service.AuthService - Token Generated Successfully
[INFO ] 02-04-2024 10:41:28.890 am [http-nio-9898-exec-6]  com.spring.service.AuthService - Token Generated Successfully
[INFO ] 02-04-2024 10:41:59.709 am [http-nio-9898-exec-7]  com.spring.service.AuthService - Token Generated Successfully
[INFO ] 02-04-2024 10:42:20.165 am [http-nio-9898-exec-8]  com.spring.service.AuthService - Token Generated Successfully
[INFO ] 02-04-2024 10:47:44.917 am [http-nio-9898-exec-2]  com.spring.service.AuthService - Token Generated Successfully
[INFO ] 02-04-2024 10:48:02.070 am [http-nio-9898-exec-4]  com.spring.service.AuthService - Token Generated Successfully
[INFO ] 02-04-2024 12:44:45.887 pm [http-nio-9898-exec-3]  com.spring.service.AuthService - Token Generated Successfully
[INFO ] 02-04-2024 12:49:57.099 pm [http-nio-9898-exec-2]  com.spring.service.AuthService - Token Generated Successfully
[INFO ] 02-04-2024 12:53:53.149 pm [http-nio-9898-exec-2]  com.spring.service.AuthService - Token Generated Successfully
[INFO ] 02-04-2024 01:01:02.317 pm [http-nio-9898-exec-6]  com.spring.service.AuthService - Token Generated Successfully
[INFO ] 02-04-2024 01:11:51.081 pm [http-nio-9898-exec-1]  com.spring.service.AuthService - Token Generated Successfully
[INFO ] 02-04-2024 03:02:23.363 pm [http-nio-9898-exec-3]  com.spring.service.AuthService - Token Generated Successfully
[INFO ] 02-04-2024 03:11:25.376 pm [http-nio-9898-exec-1]  com.spring.service.AuthService - Token Generated Successfully
[INFO ] 02-04-2024 03:23:04.159 pm [http-nio-9898-exec-1]  com.spring.service.AuthService - Token Generated Successfully
[INFO ] 02-04-2024 03:27:10.076 pm [http-nio-9898-exec-3]  com.spring.service.AuthService - Token Generated Successfully
[INFO ] 02-04-2024 03:31:07.799 pm [http-nio-9898-exec-4]  com.spring.service.AuthService - Token Generated Successfully
[INFO ] 02-04-2024 03:39:04.038 pm [http-nio-9898-exec-1]  com.spring.service.AuthService - Token Generated Successfully
[INFO ] 02-04-2024 03:39:49.255 pm [http-nio-9898-exec-2]  com.spring.service.AuthService - Token Generated Successfully
[INFO ] 02-04-2024 03:43:25.022 pm [http-nio-9898-exec-1]  com.spring.service.AuthService - Token Generated Successfully
[INFO ] 02-04-2024 03:52:08.885 pm [http-nio-9898-exec-1]  com.spring.service.AuthService - Token Generated Successfully
[INFO ] 02-04-2024 03:54:27.953 pm [http-nio-9898-exec-2]  com.spring.service.AuthService - Token Generated Successfully
[INFO ] 02-04-2024 03:54:32.302 pm [http-nio-9898-exec-3]  com.spring.service.AuthService - Token Generated Successfully
[INFO ] 02-04-2024 03:54:37.850 pm [http-nio-9898-exec-6]  com.spring.service.AuthService - Token Generated Successfully
[INFO ] 02-04-2024 03:58:32.202 pm [http-nio-9898-exec-2]  com.spring.service.AuthService - Token Generated Successfully
[INFO ] 02-04-2024 03:58:34.031 pm [http-nio-9898-exec-3]  com.spring.service.AuthService - Token Generated Successfully
[INFO ] 02-04-2024 03:58:41.957 pm [http-nio-9898-exec-6]  com.spring.service.AuthService - Token Generated Successfully
[INFO ] 02-04-2024 03:58:42.927 pm [http-nio-9898-exec-7]  com.spring.service.AuthService - Token Generated Successfully
[INFO ] 02-04-2024 03:58:43.993 pm [http-nio-9898-exec-10]  com.spring.service.AuthService - Token Generated Successfully
[INFO ] 02-04-2024 03:59:48.073 pm [http-nio-9898-exec-1]  com.spring.service.AuthService - Token Generated Successfully
[INFO ] 02-04-2024 04:11:25.756 pm [http-nio-9898-exec-1]  com.spring.service.AuthService - Token Generated Successfully
[INFO ] 02-04-2024 04:18:52.087 pm [http-nio-9898-exec-2]  com.spring.service.AuthService - Token Generated Successfully
[INFO ] 02-04-2024 04:18:53.681 pm [http-nio-9898-exec-3]  com.spring.service.AuthService - Token Generated Successfully
[INFO ] 02-04-2024 04:18:54.690 pm [http-nio-9898-exec-6]  com.spring.service.AuthService - Token Generated Successfully
[INFO ] 02-04-2024 04:18:57.865 pm [http-nio-9898-exec-7]  com.spring.service.AuthService - Token Generated Successfully
[INFO ] 02-04-2024 04:22:12.298 pm [http-nio-9898-exec-1]  com.spring.service.AuthService - Token Generated Successfully
[INFO ] 02-04-2024 04:23:00.682 pm [http-nio-9898-exec-5]  com.spring.service.AuthService - Token Generated Successfully
[INFO ] 02-04-2024 04:33:03.795 pm [http-nio-9898-exec-3]  com.spring.service.AuthService - Token Generated Successfully
[INFO ] 02-04-2024 04:34:44.044 pm [http-nio-9898-exec-7]  com.spring.service.AuthService - Token Generated Successfully
[INFO ] 02-04-2024 04:34:47.373 pm [http-nio-9898-exec-10]  com.spring.service.AuthService - Token Generated Successfully
[INFO ] 02-04-2024 04:39:11.073 pm [http-nio-9898-exec-1]  com.spring.service.AuthService - Token Generated Successfully
[INFO ] 02-04-2024 04:39:12.512 pm [http-nio-9898-exec-2]  com.spring.service.AuthService - Token Generated Successfully
[INFO ] 02-04-2024 04:39:13.687 pm [http-nio-9898-exec-3]  com.spring.service.AuthService - Token Generated Successfully
[INFO ] 02-04-2024 04:39:14.871 pm [http-nio-9898-exec-4]  com.spring.service.AuthService - Token Generated Successfully
[INFO ] 02-04-2024 04:42:30.894 pm [http-nio-9898-exec-1]  com.spring.service.AuthService - Token Generated Successfully
[INFO ] 02-04-2024 04:42:32.514 pm [http-nio-9898-exec-2]  com.spring.service.AuthService - Token Generated Successfully
[INFO ] 02-04-2024 04:42:33.891 pm [http-nio-9898-exec-5]  com.spring.service.AuthService - Token Generated Successfully
[INFO ] 02-04-2024 04:42:35.014 pm [http-nio-9898-exec-6]  com.spring.service.AuthService - Token Generated Successfully
[INFO ] 02-04-2024 04:43:17.968 pm [http-nio-9898-exec-9]  com.spring.service.AuthService - Token Generated Successfully
[INFO ] 02-04-2024 04:43:35.793 pm [http-nio-9898-exec-10]  com.spring.service.AuthService - Token Generated Successfully
[INFO ] 02-04-2024 05:01:17.221 pm [http-nio-9898-exec-10]  com.spring.service.AuthService - Token Generated Successfully
[INFO ] 02-04-2024 05:01:38.787 pm [http-nio-9898-exec-4]  com.spring.service.AuthService - Token Generated Successfully
[INFO ] 02-04-2024 05:01:40.284 pm [http-nio-9898-exec-2]  com.spring.service.AuthService - Token Generated Successfully
[INFO ] 02-04-2024 05:05:05.879 pm [http-nio-9898-exec-2]  com.spring.service.AuthService - Token Generated Successfully
[INFO ] 02-04-2024 05:05:07.228 pm [http-nio-9898-exec-3]  com.spring.service.AuthService - Token Generated Successfully
[INFO ] 02-04-2024 05:05:26.533 pm [http-nio-9898-exec-6]  com.spring.service.AuthService - Token Generated Successfully
[INFO ] 02-04-2024 05:24:55.206 pm [http-nio-9898-exec-1]  com.spring.service.AuthService - Token Generated Successfully
[INFO ] 02-04-2024 05:25:08.995 pm [http-nio-9898-exec-2]  com.spring.service.AuthService - Token Generated Successfully
[INFO ] 02-04-2024 05:25:10.166 pm [http-nio-9898-exec-3]  com.spring.service.AuthService - Token Generated Successfully
[INFO ] 02-04-2024 05:25:10.965 pm [http-nio-9898-exec-4]  com.spring.service.AuthService - Token Generated Successfully
[INFO ] 02-04-2024 05:25:12.120 pm [http-nio-9898-exec-5]  com.spring.service.AuthService - Token Generated Successfully
[INFO ] 02-04-2024 05:27:31.649 pm [http-nio-9898-exec-1]  com.spring.service.AuthService - Token Generated Successfully
[INFO ] 02-04-2024 05:27:53.295 pm [http-nio-9898-exec-2]  com.spring.service.AuthService - Token Generated Successfully
[INFO ] 02-04-2024 05:28:03.290 pm [http-nio-9898-exec-3]  com.spring.service.AuthService - Token Generated Successfully
[INFO ] 02-04-2024 05:30:00.581 pm [http-nio-9898-exec-1]  com.spring.service.AuthService - Token Generated Successfully
[INFO ] 02-04-2024 05:30:05.000 pm [http-nio-9898-exec-2]  com.spring.service.AuthService - Token Generated Successfully
[INFO ] 02-04-2024 05:30:21.807 pm [http-nio-9898-exec-5]  com.spring.service.AuthService - Token Generated Successfully
[INFO ] 02-04-2024 10:38:42.588 pm [http-nio-9898-exec-4]  com.spring.service.AuthService - Token Generated Successfully
[INFO ] 02-04-2024 10:51:25.675 pm [http-nio-9898-exec-2]  com.spring.service.AuthService - Token Generated Successfully
[INFO ] 02-04-2024 10:51:27.402 pm [http-nio-9898-exec-3]  com.spring.service.AuthService - Token Generated Successfully
[INFO ] 02-04-2024 10:51:28.807 pm [http-nio-9898-exec-4]  com.spring.service.AuthService - Token Generated Successfully
[INFO ] 02-04-2024 10:51:30.091 pm [http-nio-9898-exec-5]  com.spring.service.AuthService - Token Generated Successfully
[INFO ] 02-04-2024 10:51:47.242 pm [http-nio-9898-exec-6]  com.spring.service.AuthService - Token Generated Successfully
[INFO ] 02-04-2024 11:00:27.386 pm [http-nio-9898-exec-1]  com.spring.service.AuthService - Token Generated Successfully
[INFO ] 02-04-2024 11:24:56.742 pm [http-nio-9898-exec-1]  com.spring.service.AuthService - Token Generated Successfully
[INFO ] 02-04-2024 11:25:15.174 pm [http-nio-9898-exec-3]  com.spring.service.AuthService - Token Generated Successfully
[INFO ] 02-04-2024 11:25:41.755 pm [http-nio-9898-exec-4]  com.spring.service.AuthService - Token Generated Successfully
[INFO ] 03-04-2024 12:05:28.076 am [http-nio-9898-exec-4]  com.spring.service.AuthService - Token Generated Successfully
[INFO ] 03-04-2024 12:05:31.397 am [http-nio-9898-exec-7]  com.spring.service.AuthService - Token Generated Successfully
[INFO ] 03-04-2024 12:05:40.385 am [http-nio-9898-exec-8]  com.spring.service.AuthService - Token Generated Successfully
[INFO ] 03-04-2024 12:08:21.945 am [http-nio-9898-exec-4]  com.spring.service.AuthService - Token Generated Successfully
[INFO ] 03-04-2024 12:11:00.815 am [http-nio-9898-exec-2]  com.spring.service.AuthService - Token Generated Successfully
[INFO ] 03-04-2024 12:11:08.016 am [http-nio-9898-exec-3]  com.spring.service.AuthService - Token Generated Successfully
[INFO ] 03-04-2024 12:13:15.105 am [http-nio-9898-exec-1]  com.spring.service.AuthService - Token Generated Successfully
[INFO ] 03-04-2024 12:13:15.765 am [http-nio-9898-exec-3]  com.spring.service.AuthService - Token Generated Successfully
[INFO ] 03-04-2024 12:13:33.371 am [http-nio-9898-exec-4]  com.spring.service.AuthService - Token Generated Successfully
[INFO ] 03-04-2024 12:07:16.415 pm [http-nio-9898-exec-1]  com.spring.service.AuthService - Token Generated Successfully
[INFO ] 03-04-2024 12:24:32.581 pm [http-nio-9898-exec-1]  com.spring.service.AuthService - Token Generated Successfully
[INFO ] 03-04-2024 12:36:27.325 pm [http-nio-9898-exec-3]  com.spring.service.AuthService - Token Generated Successfully
[INFO ] 03-04-2024 12:39:57.160 pm [http-nio-9898-exec-1]  com.spring.service.AuthService - Token Generated Successfully
[INFO ] 03-04-2024 12:46:35.414 pm [http-nio-9898-exec-1]  com.spring.service.AuthService - Token Generated Successfully
[INFO ] 03-04-2024 12:50:42.373 pm [http-nio-9898-exec-1]  com.spring.service.AuthService - Token Generated Successfully
[INFO ] 03-04-2024 12:54:06.032 pm [http-nio-9898-exec-1]  com.spring.service.AuthService - Token Generated Successfully
[INFO ] 03-04-2024 12:56:00.271 pm [http-nio-9898-exec-2]  com.spring.service.AuthService - Token Generated Successfully
[INFO ] 03-04-2024 02:46:34.027 pm [http-nio-9898-exec-3]  com.spring.service.AuthService - User Added Successfully
[INFO ] 03-04-2024 02:53:08.243 pm [http-nio-9898-exec-2]  com.spring.service.AuthService - User Added Successfully
[INFO ] 03-04-2024 03:02:32.676 pm [http-nio-9898-exec-1]  com.spring.service.AuthService - User Added Successfully
[INFO ] 03-04-2024 05:49:29.659 pm [http-nio-9898-exec-1]  com.spring.service.AuthService - User Added Successfully
[INFO ] 06-04-2024 12:20:19.271 pm [http-nio-9898-exec-2]  com.spring.service.AuthService - User Added Successfully
[INFO ] 06-04-2024 12:43:13.342 pm [http-nio-9898-exec-1]  com.spring.service.AuthService - Token Generated Successfully
[INFO ] 06-04-2024 12:53:40.352 pm [http-nio-9898-exec-3]  com.spring.service.AuthService - Token Generated Successfully
[INFO ] 06-04-2024 01:12:38.807 pm [http-nio-9898-exec-5]  com.spring.service.AuthService - Token Generated Successfully
[INFO ] 06-04-2024 01:12:54.436 pm [http-nio-9898-exec-6]  com.spring.service.AuthService - Token Generated Successfully
[INFO ] 06-04-2024 02:44:42.178 pm [http-nio-9898-exec-1]  com.spring.service.AuthService - Token Generated Successfully
[INFO ] 06-04-2024 03:09:27.472 pm [http-nio-9898-exec-3]  com.spring.service.AuthService - Token Generated Successfully
[INFO ] 06-04-2024 03:15:25.806 pm [http-nio-9898-exec-5]  com.spring.service.AuthService - Token Generated Successfully
[INFO ] 08-04-2024 11:32:02.961 am [http-nio-9898-exec-3]  com.spring.service.AuthService - Token Generated Successfully
[INFO ] 09-04-2024 03:46:49.221 pm [http-nio-9898-exec-2]  com.spring.service.AuthService - Token Generated Successfully
[INFO ] 09-04-2024 03:47:13.646 pm [http-nio-9898-exec-3]  com.spring.service.AuthService - Token Generated Successfully
[INFO ] 09-04-2024 03:48:44.711 pm [http-nio-9898-exec-5]  com.spring.service.AuthService - Token Generated Successfully
[INFO ] 09-04-2024 03:51:23.679 pm [http-nio-9898-exec-7]  com.spring.service.AuthService - Token Generated Successfully
[INFO ] 09-04-2024 03:56:25.851 pm [http-nio-9898-exec-9]  com.spring.service.AuthService - Token Generated Successfully
[INFO ] 09-04-2024 04:00:58.379 pm [http-nio-9898-exec-1]  com.spring.service.AuthService - Token Generated Successfully
[INFO ] 09-04-2024 04:01:33.891 pm [http-nio-9898-exec-2]  com.spring.service.AuthService - Token Generated Successfully
[INFO ] 09-04-2024 04:02:17.905 pm [http-nio-9898-exec-3]  com.spring.service.AuthService - Token Generated Successfully
[INFO ] 09-04-2024 04:04:00.643 pm [http-nio-9898-exec-5]  com.spring.service.AuthService - Token Generated Successfully
[INFO ] 09-04-2024 04:04:02.808 pm [http-nio-9898-exec-6]  com.spring.service.AuthService - Token Generated Successfully
[INFO ] 09-04-2024 04:04:54.152 pm [http-nio-9898-exec-7]  com.spring.service.AuthService - Token Generated Successfully
[INFO ] 09-04-2024 04:04:56.023 pm [http-nio-9898-exec-8]  com.spring.service.AuthService - Token Generated Successfully
[INFO ] 09-04-2024 04:04:56.273 pm [http-nio-9898-exec-9]  com.spring.service.AuthService - Token Generated Successfully
[INFO ] 09-04-2024 04:04:56.472 pm [http-nio-9898-exec-10]  com.spring.service.AuthService - Token Generated Successfully
[INFO ] 09-04-2024 04:04:56.680 pm [http-nio-9898-exec-1]  com.spring.service.AuthService - Token Generated Successfully
[INFO ] 09-04-2024 04:04:56.906 pm [http-nio-9898-exec-2]  com.spring.service.AuthService - Token Generated Successfully
[INFO ] 09-04-2024 04:04:57.053 pm [http-nio-9898-exec-3]  com.spring.service.AuthService - Token Generated Successfully
[INFO ] 09-04-2024 04:04:57.249 pm [http-nio-9898-exec-4]  com.spring.service.AuthService - Token Generated Successfully
[INFO ] 09-04-2024 04:04:57.419 pm [http-nio-9898-exec-5]  com.spring.service.AuthService - Token Generated Successfully
[INFO ] 09-04-2024 04:04:57.658 pm [http-nio-9898-exec-6]  com.spring.service.AuthService - Token Generated Successfully
[INFO ] 09-04-2024 04:04:57.821 pm [http-nio-9898-exec-7]  com.spring.service.AuthService - Token Generated Successfully
[INFO ] 09-04-2024 04:05:07.194 pm [http-nio-9898-exec-8]  com.spring.service.AuthService - Token Generated Successfully
[INFO ] 09-04-2024 04:09:23.187 pm [http-nio-9898-exec-10]  com.spring.service.AuthService - Token Generated Successfully
[INFO ] 09-04-2024 04:12:00.179 pm [http-nio-9898-exec-2]  com.spring.service.AuthService - Token Generated Successfully
[INFO ] 09-04-2024 04:12:52.222 pm [http-nio-9898-exec-3]  com.spring.service.AuthService - Token Generated Successfully
[INFO ] 10-04-2024 09:49:05.218 am [http-nio-9898-exec-3]  com.spring.service.AuthService - Token Generated Successfully
[INFO ] 10-04-2024 09:50:46.385 am [http-nio-9898-exec-2]  com.spring.service.AuthService - Token Generated Successfully
[INFO ] 10-04-2024 09:52:50.120 am [http-nio-9898-exec-5]  com.spring.service.AuthService - User Added Successfully
[INFO ] 10-04-2024 09:54:02.210 am [http-nio-9898-exec-7]  com.spring.service.AuthService - Token Generated Successfully
[INFO ] 10-04-2024 09:55:29.979 am [http-nio-9898-exec-9]  com.spring.service.AuthService - User Added Successfully
[INFO ] 10-04-2024 09:57:22.617 am [http-nio-9898-exec-3]  com.spring.service.AuthService - Token Generated Successfully
[INFO ] 10-04-2024 10:02:57.327 am [http-nio-9898-exec-2]  com.spring.service.AuthService - Token Generated Successfully
[INFO ] 10-04-2024 10:03:04.034 am [http-nio-9898-exec-4]  com.spring.service.AuthService - Token Generated Successfully
[INFO ] 10-04-2024 10:03:21.265 am [http-nio-9898-exec-5]  com.spring.service.AuthService - Token Generated Successfully
[INFO ] 10-04-2024 10:03:24.706 am [http-nio-9898-exec-6]  com.spring.service.AuthService - Token Generated Successfully
[INFO ] 10-04-2024 10:05:15.595 am [http-nio-9898-exec-8]  com.spring.service.AuthService - Token Generated Successfully
[INFO ] 10-04-2024 10:08:38.786 am [http-nio-9898-exec-10]  com.spring.service.AuthService - Token Generated Successfully
[INFO ] 10-04-2024 10:13:04.617 am [http-nio-9898-exec-1]  com.spring.service.AuthService - Token Generated Successfully
[INFO ] 10-04-2024 10:13:19.293 am [http-nio-9898-exec-2]  com.spring.service.AuthService - Token Generated Successfully
[INFO ] 10-04-2024 10:14:39.196 am [http-nio-9898-exec-5]  com.spring.service.AuthService - Token Generated Successfully
[INFO ] 10-04-2024 10:31:59.684 am [http-nio-9898-exec-2]  com.spring.service.AuthService - User Added Successfully
[INFO ] 10-04-2024 10:32:18.191 am [http-nio-9898-exec-5]  com.spring.service.AuthService - Token Generated Successfully
[INFO ] 10-04-2024 11:02:40.424 am [http-nio-9898-exec-9]  com.spring.service.AuthService - Token Generated Successfully
[INFO ] 10-04-2024 11:31:01.255 am [http-nio-9898-exec-2]  com.spring.service.AuthService - Token Generated Successfully
[INFO ] 10-04-2024 12:26:40.995 pm [http-nio-9898-exec-6]  com.spring.service.AuthService - Token Generated Successfully
[INFO ] 10-04-2024 01:11:08.656 pm [http-nio-9898-exec-10]  com.spring.service.AuthService - Token Generated Successfully
[INFO ] 10-04-2024 01:29:16.605 pm [http-nio-9898-exec-4]  com.spring.service.AuthService - Token Generated Successfully
[INFO ] 10-04-2024 01:54:08.903 pm [http-nio-9898-exec-8]  com.spring.service.AuthService - Token Generated Successfully
[INFO ] 10-04-2024 03:03:19.840 pm [http-nio-9898-exec-1]  com.spring.service.AuthService - Token Generated Successfully
[INFO ] 10-04-2024 05:53:32.534 pm [http-nio-9898-exec-3]  com.spring.service.AuthService - Token Generated Successfully
[INFO ] 10-04-2024 05:56:15.838 pm [http-nio-9898-exec-4]  com.spring.service.AuthService - Token Generated Successfully
[INFO ] 10-04-2024 06:13:56.236 pm [http-nio-9898-exec-5]  com.spring.service.AuthService - Token Generated Successfully
[INFO ] 10-04-2024 06:18:02.755 pm [http-nio-9898-exec-9]  com.spring.service.AuthService - Token Generated Successfully
[INFO ] 10-04-2024 06:20:08.846 pm [http-nio-9898-exec-1]  com.spring.service.AuthService - Token Generated Successfully
[INFO ] 10-04-2024 10:28:49.999 pm [http-nio-9898-exec-1]  com.spring.service.AuthService - Token Generated Successfully
[INFO ] 12-04-2024 03:28:14.243 pm [http-nio-9898-exec-1]  com.spring.service.AuthService - Token Generated Successfully
[INFO ] 15-04-2024 10:42:52.137 am [http-nio-9898-exec-1]  com.spring.service.AuthService - Token Generated Successfully
[INFO ] 15-04-2024 11:00:37.661 am [http-nio-9898-exec-3]  com.spring.service.AuthService - Token Generated Successfully
[INFO ] 15-04-2024 11:34:13.250 am [http-nio-9898-exec-1]  com.spring.service.AuthService - Token Generated Successfully
[INFO ] 15-04-2024 12:22:38.685 pm [http-nio-9898-exec-3]  com.spring.service.AuthService - Token Generated Successfully
[INFO ] 15-04-2024 12:32:13.705 pm [http-nio-9898-exec-5]  com.spring.service.AuthService - Token Generated Successfully
[INFO ] 15-04-2024 03:07:08.594 pm [http-nio-9898-exec-7]  com.spring.service.AuthService - Token Generated Successfully
[INFO ] 15-04-2024 03:08:39.599 pm [http-nio-9898-exec-9]  com.spring.service.AuthService - Token Generated Successfully
[INFO ] 15-04-2024 03:17:43.038 pm [http-nio-9898-exec-1]  com.spring.service.AuthService - Token Generated Successfully
[INFO ] 15-04-2024 05:55:09.545 pm [http-nio-9898-exec-3]  com.spring.service.AuthService - User Added Successfully
[INFO ] 15-04-2024 05:55:25.399 pm [http-nio-9898-exec-4]  com.spring.service.AuthService - Token Generated Successfully
[INFO ] 16-04-2024 02:37:56.958 pm [http-nio-9898-exec-1]  com.spring.service.AuthService - Token Generated Successfully
[INFO ] 16-04-2024 03:44:38.398 pm [http-nio-9898-exec-2]  com.spring.service.AuthService - Token Generated Successfully
[INFO ] 16-04-2024 03:53:39.496 pm [http-nio-9898-exec-6]  com.spring.service.AuthService - Token Generated Successfully
[INFO ] 16-04-2024 04:06:33.726 pm [http-nio-9898-exec-1]  com.spring.service.AuthService - Token Generated Successfully
[INFO ] 16-04-2024 04:09:46.485 pm [http-nio-9898-exec-4]  com.spring.service.AuthService - Token Generated Successfully
[INFO ] 16-04-2024 05:41:46.556 pm [http-nio-9898-exec-8]  com.spring.service.AuthService - Token Generated Successfully
[INFO ] 17-04-2024 12:57:29.627 pm [http-nio-9898-exec-1]  com.spring.service.AuthService - Token Generated Successfully
[INFO ] 17-04-2024 03:15:35.494 pm [http-nio-9898-exec-1]  com.spring.service.AuthService - Token Generated Successfully
[INFO ] 17-04-2024 03:22:08.389 pm [http-nio-9898-exec-3]  com.spring.service.AuthService - Token Generated Successfully
[INFO ] 18-04-2024 10:42:45.266 am [http-nio-9898-exec-1]  com.spring.service.AuthService - Token Generated Successfully
[INFO ] 18-04-2024 11:09:13.631 am [http-nio-9898-exec-4]  com.spring.service.AuthService - Token Generated Successfully
[INFO ] 18-04-2024 11:12:08.228 am [http-nio-9898-exec-5]  com.spring.service.AuthService - Token Generated Successfully
[INFO ] 18-04-2024 11:13:27.857 am [http-nio-9898-exec-7]  com.spring.service.AuthService - Token Generated Successfully
[INFO ] 18-04-2024 11:20:51.509 am [http-nio-9898-exec-10]  com.spring.service.AuthService - Token Generated Successfully
[INFO ] 18-04-2024 11:21:25.350 am [http-nio-9898-exec-9]  com.spring.service.AuthService - Token Generated Successfully
[INFO ] 18-04-2024 01:41:13.683 pm [http-nio-9898-exec-2]  com.spring.service.AuthService - Token Generated Successfully
[INFO ] 22-04-2024 01:41:28.261 pm [http-nio-9898-exec-2]  com.spring.service.AuthService - Token Generated Successfully
[INFO ] 22-04-2024 03:12:00.364 pm [main]  com.spring.service.AuthService - User Added Successfully
[INFO ] 22-04-2024 05:58:09.613 pm [http-nio-9898-exec-1]  com.spring.service.AuthService - User Added Successfully
[INFO ] 22-04-2024 05:58:46.933 pm [http-nio-9898-exec-2]  com.spring.service.AuthService - Token Generated Successfully
[INFO ] 22-04-2024 06:02:27.277 pm [http-nio-9898-exec-4]  com.spring.service.AuthService - Token Generated Successfully
[INFO ] 22-04-2024 09:40:05.271 pm [http-nio-9898-exec-1]  com.spring.service.AuthService - Token Generated Successfully
[INFO ] 23-04-2024 09:53:16.651 am [http-nio-9898-exec-2]  com.spring.service.AuthService - Token Generated Successfully
[INFO ] 23-04-2024 10:53:01.926 am [http-nio-9898-exec-1]  com.spring.service.AuthService - Token Generated Successfully
[INFO ] 23-04-2024 11:25:45.835 am [http-nio-9898-exec-1]  com.spring.service.AuthService - Token Generated Successfully
[INFO ] 23-04-2024 11:46:38.316 am [http-nio-9898-exec-1]  com.spring.service.AuthService - Token Generated Successfully
[INFO ] 23-04-2024 12:26:46.640 pm [http-nio-9898-exec-2]  com.spring.service.AuthService - Token Generated Successfully
[INFO ] 23-04-2024 01:00:44.591 pm [http-nio-9898-exec-6]  com.spring.service.AuthService - Token Generated Successfully
[INFO ] 23-04-2024 01:10:46.705 pm [http-nio-9898-exec-10]  com.spring.service.AuthService - Token Generated Successfully
[INFO ] 23-04-2024 01:26:23.195 pm [http-nio-9898-exec-4]  com.spring.service.AuthService - Token Generated Successfully
[INFO ] 23-04-2024 01:41:34.701 pm [http-nio-9898-exec-9]  com.spring.service.AuthService - Token Generated Successfully
[INFO ] 23-04-2024 01:41:55.583 pm [http-nio-9898-exec-2]  com.spring.service.AuthService - Token Generated Successfully
[INFO ] 23-04-2024 02:15:01.673 pm [http-nio-9898-exec-2]  com.spring.service.AuthService - Token Generated Successfully
[INFO ] 23-04-2024 03:10:26.931 pm [main]  com.spring.service.AuthService - User Added Successfully
[INFO ] 23-04-2024 03:26:14.963 pm [http-nio-9898-exec-1]  com.spring.service.AuthService - Token Generated Successfully
[INFO ] 23-04-2024 03:34:20.273 pm [http-nio-9898-exec-3]  com.spring.service.AuthService - User Added Successfully
[INFO ] 23-04-2024 03:34:54.356 pm [http-nio-9898-exec-6]  com.spring.service.AuthService - Token Generated Successfully
